<?xml version="1.0" encoding="UTF-8"?>
<!-- Generated by org.testng.reporters.JUnitXMLReporter -->
<testsuite hostname="DESKTOP-ILMNV9M" ignored="0" name="t1" tests="68" failures="5" timestamp="13 十二月 2017 03:41:28 GMT" time="1558.75" errors="0">
  <testcase name="testBackLogin" time="11.858" classname="CommentManagement.CMhuifuTest"/>
  <testcase name="hf" time="25.545" classname="CommentManagement.CMhuifuTest"/>
  <testcase name="testBackLogin" time="11.677" classname="CommentManagement.CMsearchTest"/>
  <testcase name="sear1" time="16.486" classname="CommentManagement.CMsearchTest"/>
  <testcase name="sear2" time="16.398" classname="CommentManagement.CMsearchTest"/>
  <testcase name="sear3" time="16.411" classname="CommentManagement.CMsearchTest"/>
  <testcase name="sear4" time="16.418" classname="CommentManagement.CMsearchTest"/>
  <testcase name="sear5" time="16.398" classname="CommentManagement.CMsearchTest"/>
  <testcase name="sear6" time="22.445" classname="CommentManagement.CMsearchTest">
    <failure type="java.lang.AssertionError" message="expected [true] but found [false]">
      <![CDATA[java.lang.AssertionError: expected [true] but found [false]
	at CommentManagement.CMsearchTest.sear6(Unknown Source)
... Removed 28 stack frames]]>
    </failure>
  </testcase> <!-- sear6 -->
  <testcase name="sear7" time="16.397" classname="CommentManagement.CMsearchTest">
    <failure type="java.lang.AssertionError" message="expected [true] but found [false]">
      <![CDATA[java.lang.AssertionError: expected [true] but found [false]
	at CommentManagement.CMsearchTest.sear7(Unknown Source)
... Removed 28 stack frames]]>
    </failure>
  </testcase> <!-- sear7 -->
  <testcase name="testBackLogin" time="11.759" classname="GoodsManagement.GMaddgoodsTest"/>
  <testcase name="addg" time="48.737" classname="GoodsManagement.GMaddgoodsTest"/>
  <testcase name="testBackLogin" time="11.804" classname="OrderManagement.OMsearchTest"/>
  <testcase name="sear1" time="22.676" classname="OrderManagement.OMsearchTest">
    <failure type="java.lang.AssertionError" message="expected [true] but found [false]">
      <![CDATA[java.lang.AssertionError: expected [true] but found [false]
	at OrderManagement.OMsearchTest.sear1(Unknown Source)
... Removed 28 stack frames]]>
    </failure>
  </testcase> <!-- sear1 -->
  <testcase name="sear2" time="6.199" classname="OrderManagement.OMsearchTest"/>
  <testcase name="sear3" time="6.197" classname="OrderManagement.OMsearchTest"/>
  <testcase name="sear4" time="6.094" classname="OrderManagement.OMsearchTest"/>
  <testcase name="sear5" time="6.079" classname="OrderManagement.OMsearchTest"/>
  <testcase name="testBackLogin" time="11.693" classname="OrderManagement.OMxiangqingTest"/>
  <testcase name="xq" time="16.232" classname="OrderManagement.OMxiangqingTest"/>
  <testcase name="testBackLogin" time="11.802" classname="OrderManagement.OMxiugaiTest"/>
  <testcase name="xg1" time="17.022" classname="OrderManagement.OMxiugaiTest"/>
  <testcase name="xg10" time="16.826" classname="OrderManagement.OMxiugaiTest"/>
  <testcase name="xg11" time="16.773" classname="OrderManagement.OMxiugaiTest"/>
  <testcase name="xg12" time="17.101" classname="OrderManagement.OMxiugaiTest"/>
  <testcase name="xg13" time="16.928" classname="OrderManagement.OMxiugaiTest"/>
  <testcase name="xg14" time="16.815" classname="OrderManagement.OMxiugaiTest"/>
  <testcase name="xg15" time="17.065" classname="OrderManagement.OMxiugaiTest"/>
  <testcase name="xg16" time="17.342" classname="OrderManagement.OMxiugaiTest"/>
  <testcase name="xg17" time="16.956" classname="OrderManagement.OMxiugaiTest"/>
  <testcase name="xg2" time="16.885" classname="OrderManagement.OMxiugaiTest"/>
  <testcase name="xg3" time="16.956" classname="OrderManagement.OMxiugaiTest"/>
  <testcase name="xg4" time="16.823" classname="OrderManagement.OMxiugaiTest"/>
  <testcase name="xg5" time="16.987" classname="OrderManagement.OMxiugaiTest"/>
  <testcase name="xg6" time="16.952" classname="OrderManagement.OMxiugaiTest"/>
  <testcase name="xg7" time="16.893" classname="OrderManagement.OMxiugaiTest"/>
  <testcase name="xg8" time="16.785" classname="OrderManagement.OMxiugaiTest"/>
  <testcase name="xg9" time="16.905" classname="OrderManagement.OMxiugaiTest"/>
  <testcase name="testBackLogin" time="11.628" classname="UserManagement.UMaddhuiyuanTest"/>
  <testcase name="userH" time="298.868" classname="UserManagement.UMaddhuiyuanTest"/>
  <testcase name="testBackLogin" time="11.65" classname="UserManagement.UMaddyuangongTest"/>
  <testcase name="addY1" time="26.555" classname="UserManagement.UMaddyuangongTest"/>
  <testcase name="addY2" time="26.46" classname="UserManagement.UMaddyuangongTest"/>
  <testcase name="addY3" time="26.38" classname="UserManagement.UMaddyuangongTest"/>
  <testcase name="addY4" time="26.413" classname="UserManagement.UMaddyuangongTest"/>
  <testcase name="addY5" time="26.446" classname="UserManagement.UMaddyuangongTest"/>
  <testcase name="addY6" time="26.448" classname="UserManagement.UMaddyuangongTest"/>
  <testcase name="addY7" time="26.056" classname="UserManagement.UMaddyuangongTest"/>
  <testcase name="addY8" time="26.101" classname="UserManagement.UMaddyuangongTest"/>
  <testcase name="testBackLogin" time="11.735" classname="UserManagement.UMhyxiugaiTest"/>
  <testcase name="xg" time="22.716" classname="UserManagement.UMhyxiugaiTest"/>
  <testcase name="testBackLogin" time="11.805" classname="UserManagement.UMygbianjiTest"/>
  <testcase name="bj" time="22.662" classname="UserManagement.UMygbianjiTest"/>
  <testcase name="testBackLogin" time="11.564" classname="UserManagement.UMygchakanzuTest"/>
  <testcase name="ckz" time="17.109" classname="UserManagement.UMygchakanzuTest">
    <failure type="org.openqa.selenium.InvalidElementStateException" message="Element is not enabled
Build info: version: &amp;apos;3.6.0&amp;apos;, revision: &amp;apos;6fbf3ec767&amp;apos;, time: &amp;apos;2017-09-27T16:15:40.131Z&amp;apos;
System info: host: &amp;apos;DESKTOP-ILMNV9M&amp;apos;, ip: &amp;apos;192.168.45.1&amp;apos;, os.name: &amp;apos;Windows 10&amp;apos;, os.arch: &amp;apos;amd64&amp;apos;, os.version: &amp;apos;10.0&amp;apos;, java.version: &amp;apos;1.8.0_121&amp;apos;
Driver info: org.openqa.selenium.firefox.FirefoxDriver
Capabilities [{moz:profile=C:\Users\acer\AppData\Local\Temp\rust_mozprofile.0ueBnReixkgl, rotatable=false, timeouts={implicit=0, pageLoad=300000, script=30000}, pageLoadStrategy=normal, platform=XP, specificationLevel=0, moz:accessibilityChecks=false, acceptInsecureCerts=true, browserVersion=55.0.3, platformVersion=10.0, moz:processID=8984, browserName=firefox, javascriptEnabled=true, platformName=XP}]
Session ID: a51274e3-8887-400a-a969-b7e81871e7da">
      <![CDATA[org.openqa.selenium.InvalidElementStateException: Element is not enabled
Build info: version: '3.6.0', revision: '6fbf3ec767', time: '2017-09-27T16:15:40.131Z'
System info: host: 'DESKTOP-ILMNV9M', ip: '192.168.45.1', os.name: 'Windows 10', os.arch: 'amd64', os.version: '10.0', java.version: '1.8.0_121'
Driver info: org.openqa.selenium.firefox.FirefoxDriver
Capabilities [{moz:profile=C:\Users\acer\AppData\Local\Temp\rust_mozprofile.0ueBnReixkgl, rotatable=false, timeouts={implicit=0, pageLoad=300000, script=30000}, pageLoadStrategy=normal, platform=XP, specificationLevel=0, moz:accessibilityChecks=false, acceptInsecureCerts=true, browserVersion=55.0.3, platformVersion=10.0, moz:processID=8984, browserName=firefox, javascriptEnabled=true, platformName=XP}]
Session ID: a51274e3-8887-400a-a969-b7e81871e7da
	at org.openqa.selenium.remote.http.W3CHttpResponseCodec.createException(W3CHttpResponseCodec.java:185)
	at org.openqa.selenium.remote.http.W3CHttpResponseCodec.decode(W3CHttpResponseCodec.java:120)
	at org.openqa.selenium.remote.http.W3CHttpResponseCodec.decode(W3CHttpResponseCodec.java:49)
	at org.openqa.selenium.remote.HttpCommandExecutor.execute(HttpCommandExecutor.java:164)
	at org.openqa.selenium.remote.service.DriverCommandExecutor.execute(DriverCommandExecutor.java:83)
	at org.openqa.selenium.remote.RemoteWebDriver.execute(RemoteWebDriver.java:586)
	at org.openqa.selenium.remote.RemoteWebElement.execute(RemoteWebElement.java:279)
	at org.openqa.selenium.remote.RemoteWebElement.click(RemoteWebElement.java:83)
	at com.webtest.core.WebDriverEngine.click(WebDriverEngine.java:142)
	at UserManagement.UserManagementyuangong.searchchakanzu(Unknown Source)
	at UserManagement.UMygchakanzuTest.ckz(Unknown Source)
... Removed 28 stack frames]]>
    </failure>
  </testcase> <!-- ckz -->
  <testcase name="testBackLogin" time="11.628" classname="UserManagement.UMygdelTest"/>
  <testcase name="del1" time="18.705" classname="UserManagement.UMygdelTest"/>
  <testcase name="del2" time="13.543" classname="UserManagement.UMygdelTest">
    <failure type="org.openqa.selenium.NoAlertPresentException" message="No modal dialog is currently open
Build info: version: &amp;apos;3.6.0&amp;apos;, revision: &amp;apos;6fbf3ec767&amp;apos;, time: &amp;apos;2017-09-27T16:15:40.131Z&amp;apos;
System info: host: &amp;apos;DESKTOP-ILMNV9M&amp;apos;, ip: &amp;apos;192.168.45.1&amp;apos;, os.name: &amp;apos;Windows 10&amp;apos;, os.arch: &amp;apos;amd64&amp;apos;, os.version: &amp;apos;10.0&amp;apos;, java.version: &amp;apos;1.8.0_121&amp;apos;
Driver info: org.openqa.selenium.firefox.FirefoxDriver
Capabilities [{moz:profile=C:\Users\acer\AppData\Local\Temp\rust_mozprofile.LQZRohXNNlXg, rotatable=false, timeouts={implicit=0, pageLoad=300000, script=30000}, pageLoadStrategy=normal, platform=XP, specificationLevel=0, moz:accessibilityChecks=false, acceptInsecureCerts=true, browserVersion=55.0.3, platformVersion=10.0, moz:processID=13924, browserName=firefox, javascriptEnabled=true, platformName=XP}]
Session ID: 5cdaee2f-1f91-43ad-9002-8f45518060cc">
      <![CDATA[org.openqa.selenium.NoAlertPresentException: No modal dialog is currently open
Build info: version: '3.6.0', revision: '6fbf3ec767', time: '2017-09-27T16:15:40.131Z'
System info: host: 'DESKTOP-ILMNV9M', ip: '192.168.45.1', os.name: 'Windows 10', os.arch: 'amd64', os.version: '10.0', java.version: '1.8.0_121'
Driver info: org.openqa.selenium.firefox.FirefoxDriver
Capabilities [{moz:profile=C:\Users\acer\AppData\Local\Temp\rust_mozprofile.LQZRohXNNlXg, rotatable=false, timeouts={implicit=0, pageLoad=300000, script=30000}, pageLoadStrategy=normal, platform=XP, specificationLevel=0, moz:accessibilityChecks=false, acceptInsecureCerts=true, browserVersion=55.0.3, platformVersion=10.0, moz:processID=13924, browserName=firefox, javascriptEnabled=true, platformName=XP}]
Session ID: 5cdaee2f-1f91-43ad-9002-8f45518060cc
	at org.openqa.selenium.remote.http.W3CHttpResponseCodec.createException(W3CHttpResponseCodec.java:185)
	at org.openqa.selenium.remote.http.W3CHttpResponseCodec.decode(W3CHttpResponseCodec.java:120)
	at org.openqa.selenium.remote.http.W3CHttpResponseCodec.decode(W3CHttpResponseCodec.java:49)
	at org.openqa.selenium.remote.HttpCommandExecutor.execute(HttpCommandExecutor.java:164)
	at org.openqa.selenium.remote.service.DriverCommandExecutor.execute(DriverCommandExecutor.java:83)
	at org.openqa.selenium.remote.RemoteWebDriver.execute(RemoteWebDriver.java:586)
	at org.openqa.selenium.remote.RemoteWebDriver.execute(RemoteWebDriver.java:643)
	at org.openqa.selenium.remote.RemoteWebDriver$RemoteTargetLocator.alert(RemoteWebDriver.java:972)
	at com.webtest.core.WebDriverEngine.getAlert(WebDriverEngine.java:212)
	at UserManagement.UserManagementyuangong.searchdel(Unknown Source)
	at UserManagement.UMygdelTest.del2(Unknown Source)
... Removed 28 stack frames]]>
    </failure>
  </testcase> <!-- del2 -->
  <testcase name="testBackLogin" time="11.728" classname="UserManagement.UMygrepasswordTest"/>
  <testcase name="re1" time="22.31" classname="UserManagement.UMygrepasswordTest"/>
  <testcase name="re2" time="22.328" classname="UserManagement.UMygrepasswordTest"/>
  <testcase name="re3" time="22.282" classname="UserManagement.UMygrepasswordTest"/>
  <testcase name="re4" time="22.301" classname="UserManagement.UMygrepasswordTest"/>
  <testcase name="testBackLogin" time="11.644" classname="UserManagement.UMygsearchTest"/>
  <testcase name="sear1" time="16.507" classname="UserManagement.UMygsearchTest"/>
  <testcase name="sear2" time="16.423" classname="UserManagement.UMygsearchTest"/>
  <testcase name="sear3" time="13.482" classname="UserManagement.UMygsearchTest"/>
  <testcase name="sear4" time="13.366" classname="UserManagement.UMygsearchTest"/>
</testsuite> <!-- t1 -->
